<?xml version="1.0" encoding="UTF-8"?>
<testng-results ignored="0" total="1" passed="1" failed="0" skipped="0">
  <reporter-output>
  </reporter-output>
  <suite started-at="2023-02-06T18:39:40 IST" name="Default suite" finished-at="2023-02-06T18:39:40 IST" duration-ms="63">
    <groups>
    </groups>
    <test started-at="2023-02-06T18:39:40 IST" name="Default test" finished-at="2023-02-06T18:39:40 IST" duration-ms="63">
      <class name="com.qa.rcb.Test">
        <test-method signature="rcbTest()[pri:0, instance:com.qa.rcb.Test@34f5090e]" started-at="2023-02-06T18:39:40 IST" name="rcbTest" finished-at="2023-02-06T18:39:40 IST" duration-ms="16" status="PASS">
          <reporter-output>
          </reporter-output>
        </test-method> <!-- rcbTest -->
      </class> <!-- com.qa.rcb.Test -->
    </test> <!-- Default test -->
  </suite> <!-- Default suite -->
</testng-results>
